<?xml version="1.0" encoding="UTF-8"?>
<!-- Generated by org.testng.reporters.JUnitXMLReporter -->
<testsuite hostname="eday" ignored="0" name="Test" tests="3" failures="0" timestamp="04 May 2021 15:37:41 GMT" time="12.17" errors="0">
  <testcase name="Test1" time="1.826" classname="com.Devops.QADEVOPS.TestClass1"/>
  <testcase name="Test2" time="2.012" classname="com.Devops.QADEVOPS.TestClass1"/>
  <testcase name="Test3" time="1.885" classname="com.Devops.QADEVOPS.TestClass1"/>
</testsuite> <!-- Test -->
