<?xml version="1.0" encoding="UTF-8"?>
<!-- Generated by org.testng.reporters.JUnitXMLReporter -->
<testsuite hostname="eday" ignored="0" name="Test" tests="4" failures="0" timestamp="09 May 2021 19:56:52 GMT" time="7.91" errors="0">
  <testcase name="TestCase3" time="0.596" classname="TestCases.TestCase"/>
  <testcase name="TestCase4" time="0.366" classname="TestCases.TestCase"/>
  <testcase name="TestCase1" time="0.33" classname="TestCases.TestCase"/>
  <testcase name="TestCase2" time="0.002" classname="TestCases.TestCase"/>
</testsuite> <!-- Test -->
