<?xml version="1.0" encoding="UTF-8"?>
<!-- Generated by org.testng.reporters.JUnitXMLReporter -->
<testsuite hostname="eday" ignored="0" name="Test" tests="3" failures="0" timestamp="04 May 2021 15:40:14 GMT" time="12.252" errors="0">
  <testcase name="Test1" time="1.919" classname="com.Devops.QADEVOPS.TestClass1"/>
  <testcase name="Test2" time="1.85" classname="com.Devops.QADEVOPS.TestClass1"/>
  <testcase name="Test3" time="2.049" classname="com.Devops.QADEVOPS.TestClass1"/>
</testsuite> <!-- Test -->
