<?xml version="1.0" encoding="UTF-8"?>
<testng-results skipped="0" failed="0" ignored="0" total="4" passed="4">
  <reporter-output>
  </reporter-output>
  <suite name="Suite" duration-ms="7910" started-at="2021-05-09T19:56:44Z" finished-at="2021-05-09T19:56:52Z">
    <groups>
    </groups>
    <test name="Test" duration-ms="7910" started-at="2021-05-09T19:56:44Z" finished-at="2021-05-09T19:56:52Z">
      <class name="TestCases.TestCase">
        <test-method status="PASS" signature="LaunchApp()[pri:0, instance:TestCases.TestCase@32d992b2]" name="LaunchApp" is-config="true" duration-ms="7527" started-at="2021-05-09T19:56:44Z" finished-at="2021-05-09T19:56:52Z">
          <reporter-output>
          </reporter-output>
        </test-method> <!-- LaunchApp -->
        <test-method status="PASS" signature="LaunchApp()[pri:0, instance:TestCases.TestCase@32d992b2]" name="LaunchApp" is-config="true" duration-ms="7009" started-at="2021-05-09T19:56:44Z" finished-at="2021-05-09T19:56:51Z">
          <reporter-output>
          </reporter-output>
        </test-method> <!-- LaunchApp -->
        <test-method status="PASS" signature="LaunchApp()[pri:0, instance:TestCases.TestCase@32d992b2]" name="LaunchApp" is-config="true" duration-ms="6741" started-at="2021-05-09T19:56:44Z" finished-at="2021-05-09T19:56:51Z">
          <reporter-output>
          </reporter-output>
        </test-method> <!-- LaunchApp -->
        <test-method status="PASS" signature="LaunchApp()[pri:0, instance:TestCases.TestCase@32d992b2]" name="LaunchApp" is-config="true" duration-ms="6972" started-at="2021-05-09T19:56:44Z" finished-at="2021-05-09T19:56:51Z">
          <reporter-output>
          </reporter-output>
        </test-method> <!-- LaunchApp -->
        <test-method status="PASS" signature="TestCase3()[pri:0, instance:TestCases.TestCase@32d992b2]" name="TestCase3" duration-ms="596" started-at="2021-05-09T19:56:51Z" finished-at="2021-05-09T19:56:52Z">
          <reporter-output>
          </reporter-output>
        </test-method> <!-- TestCase3 -->
        <test-method status="PASS" signature="TestCase4()[pri:0, instance:TestCases.TestCase@32d992b2]" name="TestCase4" duration-ms="366" started-at="2021-05-09T19:56:51Z" finished-at="2021-05-09T19:56:52Z">
          <reporter-output>
          </reporter-output>
        </test-method> <!-- TestCase4 -->
        <test-method status="PASS" signature="TestCase1()[pri:0, instance:TestCases.TestCase@32d992b2]" name="TestCase1" duration-ms="330" started-at="2021-05-09T19:56:51Z" finished-at="2021-05-09T19:56:52Z">
          <reporter-output>
          </reporter-output>
        </test-method> <!-- TestCase1 -->
        <test-method status="PASS" signature="TearDown()[pri:0, instance:TestCases.TestCase@32d992b2]" name="TearDown" is-config="true" duration-ms="419" started-at="2021-05-09T19:56:52Z" finished-at="2021-05-09T19:56:52Z">
          <reporter-output>
          </reporter-output>
        </test-method> <!-- TearDown -->
        <test-method status="PASS" signature="TearDown()[pri:0, instance:TestCases.TestCase@32d992b2]" name="TearDown" is-config="true" duration-ms="551" started-at="2021-05-09T19:56:52Z" finished-at="2021-05-09T19:56:52Z">
          <reporter-output>
          </reporter-output>
        </test-method> <!-- TearDown -->
        <test-method status="PASS" signature="TearDown()[pri:0, instance:TestCases.TestCase@32d992b2]" name="TearDown" is-config="true" duration-ms="370" started-at="2021-05-09T19:56:52Z" finished-at="2021-05-09T19:56:52Z">
          <reporter-output>
          </reporter-output>
        </test-method> <!-- TearDown -->
        <test-method status="PASS" signature="TestCase2()[pri:0, instance:TestCases.TestCase@32d992b2]" name="TestCase2" duration-ms="2" started-at="2021-05-09T19:56:52Z" finished-at="2021-05-09T19:56:52Z">
          <reporter-output>
          </reporter-output>
        </test-method> <!-- TestCase2 -->
        <test-method status="PASS" signature="TearDown()[pri:0, instance:TestCases.TestCase@32d992b2]" name="TearDown" is-config="true" duration-ms="287" started-at="2021-05-09T19:56:52Z" finished-at="2021-05-09T19:56:52Z">
          <reporter-output>
          </reporter-output>
        </test-method> <!-- TearDown -->
      </class> <!-- TestCases.TestCase -->
    </test> <!-- Test -->
  </suite> <!-- Suite -->
</testng-results>
