<?xml version="1.0" encoding="UTF-8"?>
<testsuite xmlns:xsi="http://www.w3.org/2001/XMLSchema-instance" xsi:noNamespaceSchemaLocation="https://maven.apache.org/surefire/maven-surefire-plugin/xsd/surefire-test-report.xsd" name="TestSuite" time="12.908" tests="3" errors="0" skipped="0" failures="0">
  <properties>
[...]
</properties>
  <testcase name="Test1" classname="com.Devops.QADEVOPS.TestClass1" time="1.919"/>
  <testcase name="Test2" classname="com.Devops.QADEVOPS.TestClass1" time="1.849"/>
  <testcase name="Test3" classname="com.Devops.QADEVOPS.TestClass1" time="2.048"/>
</testsuite>