<?xml version="1.0" encoding="UTF-8"?>
<testsuite xmlns:xsi="http://www.w3.org/2001/XMLSchema-instance" xsi:noNamespaceSchemaLocation="https://maven.apache.org/surefire/maven-surefire-plugin/xsd/surefire-test-report.xsd" name="TestSuite" time="8.596" tests="4" errors="0" skipped="0" failures="0">
  <properties>
[...]
</properties>
  <testcase name="TestCase4" classname="TestCases.TestCase" time="0.33"/>
  <testcase name="TestCase3" classname="TestCases.TestCase" time="0.333"/>
  <testcase name="TestCase1" classname="TestCases.TestCase" time="0.333"/>
  <testcase name="TestCase2" classname="TestCases.TestCase" time="0.003"/>
</testsuite>