<?xml version="1.0" encoding="UTF-8"?>
<testng-results skipped="0" failed="0" ignored="0" total="3" passed="3">
  <reporter-output>
  </reporter-output>
  <suite name="Suite" duration-ms="12252" started-at="2021-05-04T15:40:02Z" finished-at="2021-05-04T15:40:14Z">
    <groups>
    </groups>
    <test name="Test" duration-ms="12252" started-at="2021-05-04T15:40:02Z" finished-at="2021-05-04T15:40:14Z">
      <class name="com.Devops.QADEVOPS.TestClass1">
        <test-method status="PASS" signature="LaunchDriver()[pri:0, instance:com.Devops.QADEVOPS.TestClass1@6ea12c19]" name="LaunchDriver" is-config="true" duration-ms="1838" started-at="2021-05-04T15:40:02Z" finished-at="2021-05-04T15:40:04Z">
          <reporter-output>
          </reporter-output>
        </test-method> <!-- LaunchDriver -->
        <test-method status="PASS" signature="Test1()[pri:0, instance:com.Devops.QADEVOPS.TestClass1@6ea12c19]" name="Test1" duration-ms="1919" started-at="2021-05-04T15:40:04Z" finished-at="2021-05-04T15:40:06Z">
          <reporter-output>
          </reporter-output>
        </test-method> <!-- Test1 -->
        <test-method status="PASS" signature="quit()[pri:0, instance:com.Devops.QADEVOPS.TestClass1@6ea12c19]" name="quit" is-config="true" duration-ms="690" started-at="2021-05-04T15:40:06Z" finished-at="2021-05-04T15:40:06Z">
          <reporter-output>
          </reporter-output>
        </test-method> <!-- quit -->
        <test-method status="PASS" signature="LaunchDriver()[pri:0, instance:com.Devops.QADEVOPS.TestClass1@6ea12c19]" name="LaunchDriver" is-config="true" duration-ms="1212" started-at="2021-05-04T15:40:06Z" finished-at="2021-05-04T15:40:08Z">
          <reporter-output>
          </reporter-output>
        </test-method> <!-- LaunchDriver -->
        <test-method status="PASS" signature="Test2()[pri:0, instance:com.Devops.QADEVOPS.TestClass1@6ea12c19]" name="Test2" duration-ms="1850" started-at="2021-05-04T15:40:08Z" finished-at="2021-05-04T15:40:09Z">
          <reporter-output>
          </reporter-output>
        </test-method> <!-- Test2 -->
        <test-method status="PASS" signature="quit()[pri:0, instance:com.Devops.QADEVOPS.TestClass1@6ea12c19]" name="quit" is-config="true" duration-ms="679" started-at="2021-05-04T15:40:09Z" finished-at="2021-05-04T15:40:10Z">
          <reporter-output>
          </reporter-output>
        </test-method> <!-- quit -->
        <test-method status="PASS" signature="LaunchDriver()[pri:0, instance:com.Devops.QADEVOPS.TestClass1@6ea12c19]" name="LaunchDriver" is-config="true" duration-ms="1257" started-at="2021-05-04T15:40:10Z" finished-at="2021-05-04T15:40:11Z">
          <reporter-output>
          </reporter-output>
        </test-method> <!-- LaunchDriver -->
        <test-method status="PASS" signature="Test3()[pri:0, instance:com.Devops.QADEVOPS.TestClass1@6ea12c19]" name="Test3" duration-ms="2049" started-at="2021-05-04T15:40:11Z" finished-at="2021-05-04T15:40:13Z">
          <reporter-output>
          </reporter-output>
        </test-method> <!-- Test3 -->
        <test-method status="PASS" signature="quit()[pri:0, instance:com.Devops.QADEVOPS.TestClass1@6ea12c19]" name="quit" is-config="true" duration-ms="739" started-at="2021-05-04T15:40:13Z" finished-at="2021-05-04T15:40:14Z">
          <reporter-output>
          </reporter-output>
        </test-method> <!-- quit -->
      </class> <!-- com.Devops.QADEVOPS.TestClass1 -->
    </test> <!-- Test -->
  </suite> <!-- Suite -->
</testng-results>
