<?xml version="1.0" encoding="UTF-8"?>
<testng-results skipped="0" failed="0" ignored="0" total="3" passed="3">
  <reporter-output>
  </reporter-output>
  <suite name="Suite" duration-ms="5688" started-at="2021-05-09T21:33:25Z" finished-at="2021-05-09T21:33:31Z">
    <groups>
    </groups>
    <test name="Test" duration-ms="5688" started-at="2021-05-09T21:33:25Z" finished-at="2021-05-09T21:33:31Z">
      <class name="TestCases.TestCase">
        <test-method status="PASS" signature="LaunchApp()[pri:0, instance:TestCases.TestCase@148080bb]" name="LaunchApp" is-config="true" duration-ms="3209" started-at="2021-05-09T21:33:26Z" finished-at="2021-05-09T21:33:29Z">
          <reporter-output>
          </reporter-output>
        </test-method> <!-- LaunchApp -->
        <test-method status="PASS" signature="LaunchApp()[pri:0, instance:TestCases.TestCase@148080bb]" name="LaunchApp" is-config="true" duration-ms="3147" started-at="2021-05-09T21:33:26Z" finished-at="2021-05-09T21:33:29Z">
          <reporter-output>
          </reporter-output>
        </test-method> <!-- LaunchApp -->
        <test-method status="PASS" signature="LaunchApp()[pri:0, instance:TestCases.TestCase@148080bb]" name="LaunchApp" is-config="true" duration-ms="3194" started-at="2021-05-09T21:33:26Z" finished-at="2021-05-09T21:33:29Z">
          <reporter-output>
          </reporter-output>
        </test-method> <!-- LaunchApp -->
        <test-method status="PASS" signature="TestCase3()[pri:0, instance:TestCases.TestCase@148080bb]" name="TestCase3" duration-ms="685" started-at="2021-05-09T21:33:29Z" finished-at="2021-05-09T21:33:29Z">
          <reporter-output>
          </reporter-output>
        </test-method> <!-- TestCase3 -->
        <test-method status="PASS" signature="TestCase1()[pri:0, instance:TestCases.TestCase@148080bb]" name="TestCase1" duration-ms="2201" started-at="2021-05-09T21:33:29Z" finished-at="2021-05-09T21:33:31Z">
          <reporter-output>
          </reporter-output>
        </test-method> <!-- TestCase1 -->
        <test-method status="PASS" signature="TestCase2()[pri:0, instance:TestCases.TestCase@148080bb]" name="TestCase2" duration-ms="757" started-at="2021-05-09T21:33:29Z" finished-at="2021-05-09T21:33:29Z">
          <reporter-output>
          </reporter-output>
        </test-method> <!-- TestCase2 -->
        <test-method status="PASS" signature="TearDown()[pri:0, instance:TestCases.TestCase@148080bb]" name="TearDown" is-config="true" duration-ms="100" started-at="2021-05-09T21:33:29Z" finished-at="2021-05-09T21:33:29Z">
          <reporter-output>
          </reporter-output>
        </test-method> <!-- TearDown -->
        <test-method status="PASS" signature="TearDown()[pri:0, instance:TestCases.TestCase@148080bb]" name="TearDown" is-config="true" duration-ms="59" started-at="2021-05-09T21:33:29Z" finished-at="2021-05-09T21:33:30Z">
          <reporter-output>
          </reporter-output>
        </test-method> <!-- TearDown -->
        <test-method status="PASS" signature="TearDown()[pri:0, instance:TestCases.TestCase@148080bb]" name="TearDown" is-config="true" duration-ms="128" started-at="2021-05-09T21:33:31Z" finished-at="2021-05-09T21:33:31Z">
          <reporter-output>
          </reporter-output>
        </test-method> <!-- TearDown -->
      </class> <!-- TestCases.TestCase -->
    </test> <!-- Test -->
  </suite> <!-- Suite -->
</testng-results>
