<?xml version="1.0" encoding="UTF-8"?>
<testng-results skipped="0" failed="0" ignored="0" total="3" passed="3">
  <reporter-output>
  </reporter-output>
  <suite name="Suite" duration-ms="12170" started-at="2021-05-04T15:37:28Z" finished-at="2021-05-04T15:37:41Z">
    <groups>
    </groups>
    <test name="Test" duration-ms="12170" started-at="2021-05-04T15:37:28Z" finished-at="2021-05-04T15:37:41Z">
      <class name="com.Devops.QADEVOPS.TestClass1">
        <test-method status="PASS" signature="LaunchDriver()[pri:0, instance:com.Devops.QADEVOPS.TestClass1@589838eb]" name="LaunchDriver" is-config="true" duration-ms="1804" started-at="2021-05-04T15:37:28Z" finished-at="2021-05-04T15:37:30Z">
          <reporter-output>
          </reporter-output>
        </test-method> <!-- LaunchDriver -->
        <test-method status="PASS" signature="Test1()[pri:0, instance:com.Devops.QADEVOPS.TestClass1@589838eb]" name="Test1" duration-ms="1826" started-at="2021-05-04T15:37:30Z" finished-at="2021-05-04T15:37:32Z">
          <reporter-output>
          </reporter-output>
        </test-method> <!-- Test1 -->
        <test-method status="PASS" signature="quit()[pri:0, instance:com.Devops.QADEVOPS.TestClass1@589838eb]" name="quit" is-config="true" duration-ms="711" started-at="2021-05-04T15:37:32Z" finished-at="2021-05-04T15:37:33Z">
          <reporter-output>
          </reporter-output>
        </test-method> <!-- quit -->
        <test-method status="PASS" signature="LaunchDriver()[pri:0, instance:com.Devops.QADEVOPS.TestClass1@589838eb]" name="LaunchDriver" is-config="true" duration-ms="1214" started-at="2021-05-04T15:37:33Z" finished-at="2021-05-04T15:37:34Z">
          <reporter-output>
          </reporter-output>
        </test-method> <!-- LaunchDriver -->
        <test-method status="PASS" signature="Test2()[pri:0, instance:com.Devops.QADEVOPS.TestClass1@589838eb]" name="Test2" duration-ms="2012" started-at="2021-05-04T15:37:34Z" finished-at="2021-05-04T15:37:36Z">
          <reporter-output>
          </reporter-output>
        </test-method> <!-- Test2 -->
        <test-method status="PASS" signature="quit()[pri:0, instance:com.Devops.QADEVOPS.TestClass1@589838eb]" name="quit" is-config="true" duration-ms="723" started-at="2021-05-04T15:37:36Z" finished-at="2021-05-04T15:37:37Z">
          <reporter-output>
          </reporter-output>
        </test-method> <!-- quit -->
        <test-method status="PASS" signature="LaunchDriver()[pri:0, instance:com.Devops.QADEVOPS.TestClass1@589838eb]" name="LaunchDriver" is-config="true" duration-ms="1294" started-at="2021-05-04T15:37:37Z" finished-at="2021-05-04T15:37:38Z">
          <reporter-output>
          </reporter-output>
        </test-method> <!-- LaunchDriver -->
        <test-method status="PASS" signature="Test3()[pri:0, instance:com.Devops.QADEVOPS.TestClass1@589838eb]" name="Test3" duration-ms="1885" started-at="2021-05-04T15:37:38Z" finished-at="2021-05-04T15:37:40Z">
          <reporter-output>
          </reporter-output>
        </test-method> <!-- Test3 -->
        <test-method status="PASS" signature="quit()[pri:0, instance:com.Devops.QADEVOPS.TestClass1@589838eb]" name="quit" is-config="true" duration-ms="675" started-at="2021-05-04T15:37:40Z" finished-at="2021-05-04T15:37:41Z">
          <reporter-output>
          </reporter-output>
        </test-method> <!-- quit -->
      </class> <!-- com.Devops.QADEVOPS.TestClass1 -->
    </test> <!-- Test -->
  </suite> <!-- Suite -->
</testng-results>
